TN:
SF:/Users/melinat.peter/Repo/seagull/seagull/packages/commands-http/src/index.ts
FNF:0
FNH:0
DA:1,1
DA:2,1
DA:6,1
DA:8,1
LF:4
LH:4
BRF:0
BRH:0
end_of_record
TN:
SF:/Users/melinat.peter/Repo/seagull/seagull/packages/commands-http/src/request.ts
FN:36,(anonymous_6)
FN:55,(anonymous_7)
FN:78,(anonymous_9)
FN:82,(anonymous_11)
FN:117,(anonymous_12)
FN:121,(anonymous_13)
FNF:6
FNH:5
FNDA:11,(anonymous_6)
FNDA:9,(anonymous_7)
FNDA:3,(anonymous_9)
FNDA:1,(anonymous_11)
FNDA:11,(anonymous_12)
FNDA:0,(anonymous_13)
DA:1,1
DA:2,1
DA:7,1
DA:8,1
DA:17,1
DA:22,1
DA:23,11
DA:24,11
DA:37,11
DA:43,11
DA:44,11
DA:45,0
DA:47,11
DA:48,0
DA:50,11
DA:51,11
DA:52,11
DA:56,9
DA:58,8
DA:60,1
DA:62,3
DA:63,3
DA:65,1
DA:66,1
DA:69,3
DA:71,7
DA:72,6
DA:74,1
DA:79,3
DA:80,3
DA:81,3
DA:82,1
DA:83,1
DA:84,1
DA:86,0
DA:87,0
DA:88,0
DA:90,1
DA:91,1
DA:93,1
DA:94,1
DA:95,1
DA:98,2
DA:99,1
DA:100,1
DA:101,1
DA:102,0
DA:103,1
DA:104,1
DA:106,1
DA:107,1
DA:109,1
DA:118,11
DA:122,0
LF:54
LH:47
BRDA:38,0,0,3
BRDA:44,1,0,0
BRDA:44,1,1,11
BRDA:47,2,0,0
BRDA:47,2,1,11
BRDA:59,3,0,1
BRDA:59,3,1,3
BRDA:59,3,2,1
BRDA:59,3,3,1
BRDA:59,3,4,3
BRDA:71,4,0,6
BRDA:71,4,1,1
BRDA:81,5,0,1
BRDA:81,5,1,2
BRDA:83,6,0,1
BRDA:83,6,1,0
BRDA:93,7,0,1
BRDA:93,7,1,0
BRDA:94,8,0,1
BRDA:94,8,1,0
BRDA:98,9,0,1
BRDA:98,9,1,1
BRDA:101,10,0,0
BRDA:101,10,1,1
BRDA:103,11,0,1
BRDA:103,11,1,0
BRDA:104,12,0,1
BRDA:104,12,1,0
BRF:28
BRH:20
end_of_record
TN:
SF:/Users/melinat.peter/Repo/seagull/seagull/packages/commands-http/src/seedGlobalHookScript.ts
FN:1,(anonymous_0)
FNF:1
FNH:1
FNDA:1,(anonymous_0)
DA:1,1
DA:2,1
DA:4,0
DA:6,1
LF:4
LH:3
BRDA:2,0,0,0
BRDA:2,0,1,1
BRF:2
BRH:1
end_of_record
TN:
SF:/Users/melinat.peter/Repo/seagull/seagull/packages/commands-http/src/seedStorage.ts
FN:60,(anonymous_0)
FN:19,(anonymous_1)
FN:27,(anonymous_2)
FN:34,(anonymous_3)
FN:43,(anonymous_4)
FN:49,(anonymous_5)
FN:66,(anonymous_6)
FN:74,(anonymous_7)
FN:78,(anonymous_8)
FNF:9
FNH:9
FNDA:11,(anonymous_0)
FNDA:1,(anonymous_1)
FNDA:3,(anonymous_2)
FNDA:10,(anonymous_3)
FNDA:11,(anonymous_4)
FNDA:11,(anonymous_5)
FNDA:3,(anonymous_6)
FNDA:1,(anonymous_7)
FNDA:15,(anonymous_8)
DA:1,1
DA:2,1
DA:3,1
DA:5,1
DA:9,1
DA:14,1
DA:20,1
DA:28,3
DA:29,3
DA:31,3
DA:35,10
DA:44,11
DA:45,11
DA:46,11
DA:50,11
DA:60,11
DA:67,3
DA:75,1
DA:82,15
DA:84,0
DA:85,0
DA:87,15
DA:88,12
DA:93,3
LF:24
LH:22
BRDA:20,0,0,1
BRDA:20,0,1,0
BRDA:46,1,0,11
BRDA:46,1,1,0
BRDA:67,2,0,1
BRDA:67,2,1,2
BRDA:82,3,0,0
BRDA:82,3,1,15
BRDA:87,4,0,12
BRDA:87,4,1,3
BRF:10
BRH:7
end_of_record
